<?xml version="1.0" encoding="UTF-8"?>
<!-- Generated by org.testng.reporters.JUnitReportReporter -->
<testsuite hostname="BLR2-5CG1327HQ2" failures="0" tests="5" name="test_package.test_run" time="28.168" errors="0" timestamp="2023-05-07T23:10:56 IST" skipped="0">
  <testcase classname="test_package.test_run" name="homePage" time="0.733"/>
  <system-out/>
  <testcase classname="test_package.test_run" name="loginPage" time="1.895"/>
  <system-out/>
  <testcase classname="test_package.test_run" name="creating_repository" time="9.047"/>
  <system-out/>
  <testcase classname="test_package.test_run" name="creating_repository" time="8.196"/>
  <system-out/>
  <testcase classname="test_package.test_run" name="creating_repository" time="8.297"/>
  <system-out/>
</testsuite> <!-- test_package.test_run -->
